<?xml version="1.0" encoding="UTF-8"?>
<!-- Generated by org.testng.reporters.JUnitXMLReporter -->
<testsuite hostname="DL-PC" name="Test" tests="1" failures="1" timestamp="30 May 2015 01:08:25 GMT" time="33.182" errors="0">
  <testcase name="test_Settings" time="19.734" classname="com.vv7.controllers.Runner">
    <failure type="org.openqa.selenium.NoSuchElementException" message="An element could not be located on the page using the given search parameters. (WARNING: The server did not provide any stacktrace information)
Command duration or timeout: 11.40 seconds
For documentation on this error, please visit: http://seleniumhq.org/exceptions/no_such_element.html
Build info: version: &amp;apos;2.45.0&amp;apos;, revision: &amp;apos;32a636c&amp;apos;, time: &amp;apos;2015-03-05 22:01:35&amp;apos;
System info: host: &amp;apos;DL-PC&amp;apos;, ip: &amp;apos;18.8.0.116&amp;apos;, os.name: &amp;apos;Windows 7&amp;apos;, os.arch: &amp;apos;amd64&amp;apos;, os.version: &amp;apos;6.1&amp;apos;, java.version: &amp;apos;1.8.0_05&amp;apos;
Driver info: io.appium.java_client.android.AndroidDriver
Capabilities [{appPackage=io.appium.unlock, networkConnectionEnabled=true, warnings={}, databaseEnabled=false, deviceName=Android Emulator, platform=LINUX, appActivity=.Unlock, desired={appPackage=io.appium.unlock, appActivity=.Unlock, platformVersion=4.4, browserName=, unicodeKeyboard=true, platformName=Android, deviceName=Android Emulator, resetKeyboard=true}, platformVersion=4.4, webStorageEnabled=false, locationContextEnabled=false, browserName=, takesScreenshot=true, javascriptEnabled=true, unicodeKeyboard=true, platformName=Android, resetKeyboard=true}]
Session ID: 54c9980d-21e4-42b0-a386-a302f796dd70
*** Element info: {Using=name, value=移动网络}">
      <![CDATA[org.openqa.selenium.NoSuchElementException: An element could not be located on the page using the given search parameters. (WARNING: The server did not provide any stacktrace information)
Command duration or timeout: 11.40 seconds
For documentation on this error, please visit: http://seleniumhq.org/exceptions/no_such_element.html
Build info: version: '2.45.0', revision: '32a636c', time: '2015-03-05 22:01:35'
System info: host: 'DL-PC', ip: '18.8.0.116', os.name: 'Windows 7', os.arch: 'amd64', os.version: '6.1', java.version: '1.8.0_05'
Driver info: io.appium.java_client.android.AndroidDriver
Capabilities [{appPackage=io.appium.unlock, networkConnectionEnabled=true, warnings={}, databaseEnabled=false, deviceName=Android Emulator, platform=LINUX, appActivity=.Unlock, desired={appPackage=io.appium.unlock, appActivity=.Unlock, platformVersion=4.4, browserName=, unicodeKeyboard=true, platformName=Android, deviceName=Android Emulator, resetKeyboard=true}, platformVersion=4.4, webStorageEnabled=false, locationContextEnabled=false, browserName=, takesScreenshot=true, javascriptEnabled=true, unicodeKeyboard=true, platformName=Android, resetKeyboard=true}]
Session ID: 54c9980d-21e4-42b0-a386-a302f796dd70
*** Element info: {Using=name, value=移动网络}
	at org.openqa.selenium.remote.ErrorHandler.createThrowable(ErrorHandler.java:204)
	at org.openqa.selenium.remote.ErrorHandler.throwIfResponseFailed(ErrorHandler.java:156)
	at org.openqa.selenium.remote.RemoteWebDriver.execute(RemoteWebDriver.java:599)
	at io.appium.java_client.AppiumDriver.execute(AppiumDriver.java:180)
	at org.openqa.selenium.remote.RemoteWebDriver.findElement(RemoteWebDriver.java:352)
	at org.openqa.selenium.remote.RemoteWebDriver.findElementByName(RemoteWebDriver.java:425)
	at com.vv7.scripts.Settings.TT(Settings.java:31)
	at com.vv7.controllers.Runner.test_Settings(Runner.java:52)
... Removed 28 stack frames]]>
    </failure>
  </testcase> <!-- test_Settings -->
</testsuite> <!-- Test -->
